<?xml version="1.0" encoding="UTF-8"?>
<!-- Generated by org.testng.reporters.JUnitReportReporter -->
<testsuite hostname="DESKTOP-PE7JMV1" name="com.inetBanking.testCases.TC_LoginTest_001" tests="1" failures="0" timestamp="25 Jun 2019 19:49:24 GMT" time="9.352" errors="0">
  <testcase name="loginTest" time="9.352" classname="com.inetBanking.testCases.TC_LoginTest_001"/>
</testsuite> <!-- com.inetBanking.testCases.TC_LoginTest_001 -->
