<?xml version="1.0" encoding="UTF-8"?>
<!-- Generated by org.testng.reporters.JUnitReportReporter -->
<testsuite hostname="DESKTOP-PE7JMV1" name="com.inetBanking.testCases.TC_LoginTest_001" tests="1" failures="0" timestamp="17 Jun 2019 20:04:03 GMT" time="10.669" errors="0">
  <testcase name="loginTest" time="10.669" classname="com.inetBanking.testCases.TC_LoginTest_001"/>
</testsuite> <!-- com.inetBanking.testCases.TC_LoginTest_001 -->
